<?xml version="1.0" encoding="UTF-8"?>
<!-- Generated by org.testng.reporters.JUnitXMLReporter -->
<testsuite ignored="2" hostname="DESKTOP-EPAMBL2" failures="2" tests="5" name="RegressionTests" time="14.013" errors="0" timestamp="2022-05-16T22:38:25 EEST">
  <testcase classname="Tests.TestParameters" name="@AfterTest TearDown" time="0.027">
    <failure type="org.openqa.selenium.remote.http.ConnectionFailedException" message="Unable to establish websocket connection to http://localhost:58872/devtools/browser/e3c18049-06f1-442e-a3fd-103dc111f823
Build info: version: &amp;apos;4.1.1&amp;apos;, revision: &amp;apos;e8fcc2cecf&amp;apos;
System info: host: &amp;apos;DESKTOP-EPAMBL2&amp;apos;, ip: &amp;apos;192.168.1.11&amp;apos;, os.name: &amp;apos;Windows 10&amp;apos;, os.arch: &amp;apos;amd64&amp;apos;, os.version: &amp;apos;10.0&amp;apos;, java.version: &amp;apos;17.0.2&amp;apos;
Driver info: driver.version: RemoteWebDriver">
      <![CDATA[org.openqa.selenium.remote.http.ConnectionFailedException: Unable to establish websocket connection to http://localhost:58872/devtools/browser/e3c18049-06f1-442e-a3fd-103dc111f823
Build info: version: '4.1.1', revision: 'e8fcc2cecf'
System info: host: 'DESKTOP-EPAMBL2', ip: '192.168.1.11', os.name: 'Windows 10', os.arch: 'amd64', os.version: '10.0', java.version: '17.0.2'
Driver info: driver.version: RemoteWebDriver
at org.openqa.selenium.remote.http.netty.NettyWebSocket.<init>(NettyWebSocket.java:104)
at org.openqa.selenium.remote.http.netty.NettyWebSocket.lambda$create$3(NettyWebSocket.java:137)
at org.openqa.selenium.remote.http.netty.NettyClient.openSocket(NettyClient.java:118)
at org.openqa.selenium.devtools.Connection.<init>(Connection.java:77)
at org.openqa.selenium.firefox.FirefoxDriver.maybeGetDevTools(FirefoxDriver.java:366)
at org.openqa.selenium.remote.RemoteWebDriver.close(RemoteWebDriver.java:425)
at Tests.TestParameters.TearDown(TestParameters.java:36)
... Removed 24 stack frames]]>
    </failure>
  </testcase> <!-- @AfterTest TearDown -->
  <testcase classname="Tests.LoginOK" name="Login" time="0.515"/>
  <testcase classname="Tests.LoginOK" name="LoginF" time="1.437">
    <failure type="java.lang.AssertionError" message="expected [Įvestas prisijungimo vardas ir/ arba slaptažodis yra neteisingi] but found [Prisijungimas pavyko!]">
      <![CDATA[java.lang.AssertionError: expected [Įvestas prisijungimo vardas ir/ arba slaptažodis yra neteisingi] but found [Prisijungimas pavyko!]
at Tests.LoginOK.LoginF(LoginOK.java:39)
at java.base/java.util.ArrayList.forEach(ArrayList.java:1511)
... Removed 33 stack frames]]>
    </failure>
  </testcase> <!-- LoginF -->
  <testcase classname="Tests.LoginOut" name="Logout" time="0.657"/>
  <testcase classname="Tests.CreateNewAccount" name="CreateNewAcc" time="0.773"/>
  <testcase classname="Tests.CreateNewAccount" name="CreateNewAccF" time="0.564">
    <failure type="java.lang.AssertionError" message="expected [Toks vartotojo vardas jau egzistuoja] but found [Registered!]">
      <![CDATA[java.lang.AssertionError: expected [Toks vartotojo vardas jau egzistuoja] but found [Registered!]
at Tests.CreateNewAccount.CreateNewAccF(CreateNewAccount.java:34)
at java.base/java.util.ArrayList.forEach(ArrayList.java:1511)
... Removed 33 stack frames]]>
    </failure>
  </testcase> <!-- CreateNewAccF -->
  <testcase classname="Tests.TestParameters" name="@AfterTest TearDown" time="0.0">
    <ignored/>
  </testcase> <!-- @AfterTest TearDown -->
  <testcase classname="Tests.TestParameters" name="@AfterTest TearDown" time="0.0">
    <ignored/>
  </testcase> <!-- @AfterTest TearDown -->
</testsuite> <!-- RegressionTests -->
