<!DOCTYPE html PUBLIC "-//W3C//DTD XHTML 1.1//EN" "https://www.w3.org/TR/xhtml11/DTD/xhtml11.dtd">
<html xmlns="https://www.w3.org/1999/xhtml">
<head>
<meta http-equiv="content-type" content="text/html; charset=UTF-8"/>
<title>TestNG Report</title>
<style type="text/css">table {margin-bottom:10px;border-collapse:collapse;empty-cells:show}th,td {border:1px solid #009;padding:.25em .5em}th {vertical-align:bottom}td {vertical-align:top}table a {font-weight:bold}.stripe td {background-color: #E6EBF9}.num {text-align:right}.passedodd td {background-color: #3F3}.passedeven td {background-color: #0A0}.skippedodd td {background-color: #DDD}.skippedeven td {background-color: #CCC}.failedodd td,.attn {background-color: #F33}.failedeven td,.stripe .attn {background-color: #D00}.stacktrace {white-space:pre;font-family:monospace}.totop {font-size:85%;text-align:center;border-bottom:2px solid #000}.invisible {display:none}</style>
</head>
<body>
<table>
<tr><th>Test</th><th># Passed</th><th># Skipped</th><th># Retried</th><th># Failed</th><th>Time (ms)</th><th>Included Groups</th><th>Excluded Groups</th></tr>
<tr><th colspan="8">TestsCollection</th></tr>
<tr><td><a href="#t0">SmokeTests</a></td><td class="num">2</td><td class="num">0</td><td class="num">0</td><td class="num">0</td><td class="num">7 864</td><td></td><td></td></tr>
<tr class="stripe"><td><a href="#t1">RegressionTests</a></td><td class="num">3</td><td class="num">0</td><td class="num">0</td><td class="num attn">2</td><td class="num">14 013</td><td></td><td></td></tr>
<tr><th>Total</th><th class="num">5</th><th class="num">0</th><th class="num">0</th><th class="num attn">2</th><th class="num">21 877</th><th colspan="2"></th></tr>
</table>
<table id='summary'><thead><tr><th>Class</th><th>Method</th><th>Start</th><th>Time (ms)</th></tr></thead><tbody><tr><th colspan="4">TestsCollection</th></tr></tbody><tbody id="t0"><tr><th colspan="4">SmokeTests &#8212; failed (configuration methods)</th></tr><tr class="failedeven"><td rowspan="1">Tests.CreateNewAccount</td><td><a href="#m0">TearDown</a></td><td rowspan="1">1652729891305</td><td rowspan="1">27</td></tr><tr><th colspan="4">SmokeTests &#8212; passed</th></tr><tr class="passedeven"><td rowspan="1">Tests.CreateNewAccount</td><td><a href="#m1">CreateNewAcc</a></td><td rowspan="1">1652729887172</td><td rowspan="1">774</td></tr><tr class="passedodd"><td rowspan="1">Tests.LoginOut</td><td><a href="#m2">Logout</a></td><td rowspan="1">1652729890513</td><td rowspan="1">790</td></tr></tbody>
<tbody id="t1"><tr><th colspan="4">RegressionTests &#8212; failed (configuration methods)</th></tr><tr class="failedeven"><td rowspan="1">Tests.LoginOK</td><td><a href="#m3">TearDown</a></td><td rowspan="1">1652729905357</td><td rowspan="1">27</td></tr><tr><th colspan="4">RegressionTests &#8212; failed</th></tr><tr class="failedeven"><td rowspan="1">Tests.CreateNewAccount</td><td><a href="#m4">CreateNewAccF</a></td><td rowspan="1">1652729904792</td><td rowspan="1">564</td></tr><tr class="failedodd"><td rowspan="1">Tests.LoginOK</td><td><a href="#m5">LoginF</a></td><td rowspan="1">1652729895964</td><td rowspan="1">1437</td></tr><tr><th colspan="4">RegressionTests &#8212; passed</th></tr><tr class="passedeven"><td rowspan="1">Tests.CreateNewAccount</td><td><a href="#m6">CreateNewAcc</a></td><td rowspan="1">1652729902032</td><td rowspan="1">773</td></tr><tr class="passedodd"><td rowspan="1">Tests.LoginOK</td><td><a href="#m7">Login</a></td><td rowspan="1">1652729893470</td><td rowspan="1">515</td></tr><tr class="passedeven"><td rowspan="1">Tests.LoginOut</td><td><a href="#m8">Logout</a></td><td rowspan="1">1652729899390</td><td rowspan="1">657</td></tr></tbody>
</table>
<h2>SmokeTests</h2><h3 id="m0">Tests.CreateNewAccount#TearDown</h3><table class="result"><tr><th>Exception</th></tr><tr><td><div class="stacktrace">org.openqa.selenium.remote.http.ConnectionFailedException: Unable to establish websocket connection to http://localhost:59851/devtools/browser/ca05cf2d-c118-4f16-a698-3d25c4560c44
Build info: version: &apos;4.1.1&apos;, revision: &apos;e8fcc2cecf&apos;
System info: host: &apos;DESKTOP-EPAMBL2&apos;, ip: &apos;192.168.1.11&apos;, os.name: &apos;Windows 10&apos;, os.arch: &apos;amd64&apos;, os.version: &apos;10.0&apos;, java.version: &apos;17.0.2&apos;
Driver info: driver.version: RemoteWebDriver
	at org.openqa.selenium.remote.http.netty.NettyWebSocket.&lt;init&gt;(NettyWebSocket.java:104)
	at org.openqa.selenium.remote.http.netty.NettyWebSocket.lambda$create$3(NettyWebSocket.java:137)
	at org.openqa.selenium.remote.http.netty.NettyClient.openSocket(NettyClient.java:118)
	at org.openqa.selenium.devtools.Connection.&lt;init&gt;(Connection.java:77)
	at org.openqa.selenium.firefox.FirefoxDriver.maybeGetDevTools(FirefoxDriver.java:366)
	at org.openqa.selenium.remote.RemoteWebDriver.close(RemoteWebDriver.java:425)
	at Tests.TestParameters.TearDown(TestParameters.java:36)
... Removed 24 stack frames</div></td></tr></table><p class="totop"><a href="#summary">back to summary</a></p>
<h3 id="m1">Tests.CreateNewAccount#CreateNewAcc</h3><table class="result"><tr><th class="invisible"/></tr></table><p class="totop"><a href="#summary">back to summary</a></p>
<h3 id="m2">Tests.LoginOut#Logout</h3><table class="result"><tr><th class="invisible"/></tr></table><p class="totop"><a href="#summary">back to summary</a></p>
<h2>RegressionTests</h2><h3 id="m3">Tests.LoginOK#TearDown</h3><table class="result"><tr><th>Exception</th></tr><tr><td><div class="stacktrace">org.openqa.selenium.remote.http.ConnectionFailedException: Unable to establish websocket connection to http://localhost:58872/devtools/browser/e3c18049-06f1-442e-a3fd-103dc111f823
Build info: version: &apos;4.1.1&apos;, revision: &apos;e8fcc2cecf&apos;
System info: host: &apos;DESKTOP-EPAMBL2&apos;, ip: &apos;192.168.1.11&apos;, os.name: &apos;Windows 10&apos;, os.arch: &apos;amd64&apos;, os.version: &apos;10.0&apos;, java.version: &apos;17.0.2&apos;
Driver info: driver.version: RemoteWebDriver
	at org.openqa.selenium.remote.http.netty.NettyWebSocket.&lt;init&gt;(NettyWebSocket.java:104)
	at org.openqa.selenium.remote.http.netty.NettyWebSocket.lambda$create$3(NettyWebSocket.java:137)
	at org.openqa.selenium.remote.http.netty.NettyClient.openSocket(NettyClient.java:118)
	at org.openqa.selenium.devtools.Connection.&lt;init&gt;(Connection.java:77)
	at org.openqa.selenium.firefox.FirefoxDriver.maybeGetDevTools(FirefoxDriver.java:366)
	at org.openqa.selenium.remote.RemoteWebDriver.close(RemoteWebDriver.java:425)
	at Tests.TestParameters.TearDown(TestParameters.java:36)
... Removed 24 stack frames</div></td></tr></table><p class="totop"><a href="#summary">back to summary</a></p>
<h3 id="m4">Tests.CreateNewAccount#CreateNewAccF</h3><table class="result"><tr><th>Exception</th></tr><tr><td><div class="stacktrace">java.lang.AssertionError: expected [Toks vartotojo vardas jau egzistuoja] but found [Registered!]
	at Tests.CreateNewAccount.CreateNewAccF(CreateNewAccount.java:34)
	at java.base/java.util.ArrayList.forEach(ArrayList.java:1511)
... Removed 33 stack frames</div></td></tr></table><p class="totop"><a href="#summary">back to summary</a></p>
<h3 id="m5">Tests.LoginOK#LoginF</h3><table class="result"><tr><th>Exception</th></tr><tr><td><div class="stacktrace">java.lang.AssertionError: expected [Įvestas prisijungimo vardas ir/ arba slaptažodis yra neteisingi] but found [Prisijungimas pavyko!]
	at Tests.LoginOK.LoginF(LoginOK.java:39)
	at java.base/java.util.ArrayList.forEach(ArrayList.java:1511)
... Removed 33 stack frames</div></td></tr></table><p class="totop"><a href="#summary">back to summary</a></p>
<h3 id="m6">Tests.CreateNewAccount#CreateNewAcc</h3><table class="result"><tr><th class="invisible"/></tr></table><p class="totop"><a href="#summary">back to summary</a></p>
<h3 id="m7">Tests.LoginOK#Login</h3><table class="result"><tr><th class="invisible"/></tr></table><p class="totop"><a href="#summary">back to summary</a></p>
<h3 id="m8">Tests.LoginOut#Logout</h3><table class="result"><tr><th class="invisible"/></tr></table><p class="totop"><a href="#summary">back to summary</a></p>
</body>
</html>
